<?xml version="1.0" encoding="UTF-8"?>
<!-- Generated by org.testng.reporters.JUnitReportReporter -->
<testsuite hostname="jaian07mac126" name="com.click.Plivo" tests="1" failures="0" timestamp="7 Dec 2018 16:40:59 GMT" time="34.558" errors="0">
  <testcase name="Assignment" time="34.558" classname="com.click.Plivo"/>
</testsuite> <!-- com.click.Plivo -->
